1531541031104:start lop
1531541038743:next
1531541046932:stacktrace
1531541092132:start me
1531541094875:next
1531541860173:start
1531541866877:start me
1531541870402:next
1531542630336:start me
1531542643171:next
1531542651341:0
1531542666190:answer 0
1531542671075:next
1531542683739:answer 1,2
1531542688268:gprev
1531542693146:prev
1531542704618:next
1531542725941:answer 2
1531542731414:finish
1531542746417:help
1531542990339:start
1531542996035:start me
1531543000890:next
1531543005968:0
1531543012839:answer 0
1531543019331:finish
1531543488179:answer
1531543494115:answer 1
1531543956524:finish
1531544527596:help
1531544553485:stacktrace
1531544640011:help
